[debug] [2021-08-09T13:08:03.143Z] ----------------------------------------------------------------------
[debug] [2021-08-09T13:08:03.146Z] Command:       C:\Program Files\nodejs\node.exe C:\Users\pavan\AppData\Roaming\npm\node_modules\firebase-tools\lib\bin\firebase.js deploy
[debug] [2021-08-09T13:08:03.147Z] CLI Version:   9.16.0
[debug] [2021-08-09T13:08:03.148Z] Platform:      win32
[debug] [2021-08-09T13:08:03.148Z] Node Version:  v14.17.3
[debug] [2021-08-09T13:08:03.149Z] Time:          Mon Aug 09 2021 18:38:03 GMT+0530 (India Standard Time)
[debug] [2021-08-09T13:08:03.149Z] ----------------------------------------------------------------------
[debug] 
[debug] [2021-08-09T13:08:03.236Z] > command requires scopes: ["email","openid","https://www.googleapis.com/auth/cloudplatformprojects.readonly","https://www.googleapis.com/auth/firebase","https://www.googleapis.com/auth/cloud-platform"]
[debug] [2021-08-09T13:08:03.236Z] > authorizing via signed-in user (pkulkarni245@gmail.com)
[debug] [2021-08-09T13:08:03.236Z] [iam] checking project pavan-kulkarni for permissions ["firebase.projects.get","firebasehosting.sites.update"]
[debug] [2021-08-09T13:08:03.239Z] >>> HTTP REQUEST POST https://cloudresourcemanager.googleapis.com/v1/projects/pavan-kulkarni:testIamPermissions  
 {"permissions":["firebase.projects.get","firebasehosting.sites.update"]}
[debug] [2021-08-09T13:08:04.771Z] <<< HTTP RESPONSE 200 {"content-type":"application/json; charset=UTF-8","vary":"X-Origin, Referer, Origin,Accept-Encoding","date":"Mon, 09 Aug 2021 13:08:04 GMT","server":"ESF","cache-control":"private","x-xss-protection":"0","x-frame-options":"SAMEORIGIN","x-content-type-options":"nosniff","server-timing":"gfet4t7; dur=1328","alt-svc":"h3=\":443\"; ma=2592000,h3-29=\":443\"; ma=2592000,h3-T051=\":443\"; ma=2592000,h3-Q050=\":443\"; ma=2592000,h3-Q046=\":443\"; ma=2592000,h3-Q043=\":443\"; ma=2592000,quic=\":443\"; ma=2592000; v=\"46,43\"","accept-ranges":"none","transfer-encoding":"chunked"}
[debug] [2021-08-09T13:08:04.778Z] > refreshing access token with scopes: []
[debug] [2021-08-09T13:08:04.779Z] >>> HTTP REQUEST POST https://www.googleapis.com/oauth2/v3/token  
 <request body omitted>
[debug] [2021-08-09T13:08:05.172Z] <<< HTTP RESPONSE 200 {"date":"Mon, 09 Aug 2021 13:08:04 GMT","cache-control":"no-cache, no-store, max-age=0, must-revalidate","expires":"Mon, 01 Jan 1990 00:00:00 GMT","pragma":"no-cache","content-type":"application/json; charset=utf-8","vary":"X-Origin, Referer, Origin,Accept-Encoding","server":"scaffolding on HTTPServer2","x-xss-protection":"0","x-frame-options":"SAMEORIGIN","x-content-type-options":"nosniff","alt-svc":"h3=\":443\"; ma=2592000,h3-29=\":443\"; ma=2592000,h3-T051=\":443\"; ma=2592000,h3-Q050=\":443\"; ma=2592000,h3-Q046=\":443\"; ma=2592000,h3-Q043=\":443\"; ma=2592000,quic=\":443\"; ma=2592000; v=\"46,43\"","accept-ranges":"none","transfer-encoding":"chunked"}
[debug] [2021-08-09T13:08:05.220Z] >>> [apiv2][query] GET https://firebase.googleapis.com/v1beta1/projects/pavan-kulkarni [none]
[debug] [2021-08-09T13:08:05.666Z] <<< [apiv2][status] GET https://firebase.googleapis.com/v1beta1/projects/pavan-kulkarni 200
[debug] [2021-08-09T13:08:05.667Z] <<< [apiv2][body] GET https://firebase.googleapis.com/v1beta1/projects/pavan-kulkarni {"projectId":"pavan-kulkarni","projectNumber":"546347754230","displayName":"Profile","name":"projects/pavan-kulkarni","resources":{"hostingSite":"pavan-kulkarni"},"state":"ACTIVE"}
[info] 
[info] === Deploying to 'pavan-kulkarni'...
[info] 
[info] i  deploying hosting 
[debug] [2021-08-09T13:08:05.680Z] > refreshing access token with scopes: ["email","https://www.googleapis.com/auth/cloud-platform","https://www.googleapis.com/auth/cloudplatformprojects.readonly","https://www.googleapis.com/auth/firebase","openid"]
[debug] [2021-08-09T13:08:05.681Z] >>> HTTP REQUEST POST https://www.googleapis.com/oauth2/v3/token  
 <request body omitted>
[debug] [2021-08-09T13:08:05.945Z] <<< HTTP RESPONSE 200 {"expires":"Mon, 01 Jan 1990 00:00:00 GMT","pragma":"no-cache","cache-control":"no-cache, no-store, max-age=0, must-revalidate","date":"Mon, 09 Aug 2021 13:08:05 GMT","content-type":"application/json; charset=utf-8","vary":"X-Origin, Referer, Origin,Accept-Encoding","server":"scaffolding on HTTPServer2","x-xss-protection":"0","x-frame-options":"SAMEORIGIN","x-content-type-options":"nosniff","alt-svc":"h3=\":443\"; ma=2592000,h3-29=\":443\"; ma=2592000,h3-T051=\":443\"; ma=2592000,h3-Q050=\":443\"; ma=2592000,h3-Q046=\":443\"; ma=2592000,h3-Q043=\":443\"; ma=2592000,quic=\":443\"; ma=2592000; v=\"46,43\"","accept-ranges":"none","transfer-encoding":"chunked"}
[debug] [2021-08-09T13:08:05.983Z] >>> HTTP REQUEST POST https://firebasehosting.googleapis.com/v1beta1/sites/pavankulkarni/versions  
 {"config":{"rewrites":[{"glob":"**","path":"/index.html"}]},"labels":{"deployment-tool":"cli-firebase"}}
